
DevTools listening on ws://127.0.0.1:51459/devtools/browser/2c385da7-2061-4554-aa25-364c81e9952a
Warning: The allowCypressEnv configuration option is enabled. This allows any browser code to read values from Cypress.env(). This is insecure and will be removed in a future major version.

1. Replace Cypress.env() calls with cy.env() (for sensitive values) or Cypress.expose() (for public configuration)
2. Set allowCypressEnv: false in your Cypress configuration to disable Cypress.env()

Learn more: https://on.cypress.io/cypress-env-migration


===================================================

  (Run Starting)

  ┌────────────────────────────────────────────────────────────────────────────────────────────────┐
  │ Cypress:        15.10.0                                                                        │
  │ Browser:        Electron 138 (headless)                                                        │
  │ Node Version:   v25.5.0 (/opt/homebrew/Cellar/node/25.5.0/bin/node)                            │
  │ Specs:          1 found (product-checkout.cy.ts)                                               │
  │ Searched:       cypress/e2e/product-checkout.cy.ts                                             │
  └────────────────────────────────────────────────────────────────────────────────────────────────┘


────────────────────────────────────────────────────────────────────────────────────────────────────
                                                                                                    
  Running:  product-checkout.cy.ts                                                          (1 of 1)


  Product and Checkout Flow
    ✓ allows viewing a product and initiating checkout (1440ms)


  1 passing (1s)


  (Results)

  ┌────────────────────────────────────────────────────────────────────────────────────────────────┐
  │ Tests:        1                                                                                │
  │ Passing:      1                                                                                │
  │ Failing:      0                                                                                │
  │ Pending:      0                                                                                │
  │ Skipped:      0                                                                                │
  │ Screenshots:  0                                                                                │
  │ Video:        false                                                                            │
  │ Duration:     1 second                                                                         │
  │ Spec Ran:     product-checkout.cy.ts                                                           │
  └────────────────────────────────────────────────────────────────────────────────────────────────┘


===================================================

  (Run Finished)


       Spec                                              Tests  Passing  Failing  Pending  Skipped  
  ┌────────────────────────────────────────────────────────────────────────────────────────────────┐
  │ ✔  product-checkout.cy.ts                   00:01        1        1        -        -        - │
  └────────────────────────────────────────────────────────────────────────────────────────────────┘
    ✔  All specs passed!                        00:01        1        1        -        -        -  

